[0mPOST /api/user/register [33m400[0m 20.663 ms - 30[0m
[0mPOST /api/user/register [31m500[0m 5.253 ms - 1190[0m
[0mPOST /api/user/register [31m500[0m 2.367 ms - 1190[0m
[0mPOST /api/user/register [33m400[0m 23.273 ms - 160[0m
[0mPOST /api/user/register [33m400[0m 2.824 ms - 162[0m
[0mPOST /api/user/register [33m400[0m 3.436 ms - 162[0m
[0mPOST /api/user/register [33m400[0m 0.517 ms - 163[0m
[0mPOST /api/user/register [33m400[0m 0.877 ms - 164[0m
[0mPOST /api/user/register [33m400[0m 4.481 ms - 157[0m
[0mPOST /api/user/register [33m400[0m 3.442 ms - 155[0m
[0mPOST /api/user/register [31m500[0m 51069.555 ms - 1190[0m
[0mPOST /api/user/register [32m201[0m 401.049 ms - 193[0m
[0mPOST /api/user/login [32m200[0m 522.993 ms - 221[0m
[0mPOST /api/user/login [32m200[0m 772.131 ms - 221[0m
[0mPOST /api/user/login [32m200[0m 1316.870 ms - 221[0m
[0mPOST /api/user/login [32m200[0m 523.721 ms - 221[0m
[0mPOST /api/user/login [32m200[0m 504.343 ms - 448[0m
[0mPOST /api/user/login [32m200[0m 469.092 ms - 675[0m
[0mPOST /api/user/login [32m200[0m 394.073 ms - 902[0m
[0mPOST /api/user/login [32m200[0m 406.815 ms - 1129[0m
[0mPOST /api/user/login [32m200[0m 403.563 ms - 1356[0m
[0mPOST /api/user/login [32m200[0m 384.141 ms - 1584[0m
[0mPOST /api/user/login [32m200[0m 397.229 ms - 1811[0m
[0mPOST /api/user/login [32m200[0m 408.332 ms - 2038[0m
[0mPOST /api/user/login [32m200[0m 414.900 ms - 219[0m
[0mPOST /api/user/login [32m200[0m 431.315 ms - 445[0m
[0mPOST /api/user/login [32m200[0m 387.457 ms - 672[0m
[0mPOST /api/user/login [32m200[0m 393.617 ms - 899[0m
[0mPOST /api/user/login [32m200[0m 400.993 ms - 1126[0m
[0mPOST /api/user/login [32m200[0m 402.410 ms - 1353[0m
[0mPOST /api/user/login [32m200[0m 390.231 ms - 1580[0m
[0mPOST /api/user/login [32m200[0m 410.141 ms - 1807[0m
[0mPOST /api/user/login [32m200[0m 387.222 ms - 2034[0m
[0mPOST /api/user/login [32m200[0m 393.134 ms - 2261[0m
[0mPOST /api/user/login [32m200[0m 403.841 ms - 2488[0m
[0mPOST /api/user/login [32m200[0m 408.896 ms - 2715[0m
[0mPOST /api/user/login [32m200[0m 391.207 ms - 2942[0m
[0mPOST /api/user/login [32m200[0m 399.205 ms - 3169[0m
[0mPOST /api/user/login [32m200[0m 387.509 ms - 3396[0m
[0mPOST /api/user/login [32m200[0m 405.010 ms - 219[0m
[0mPOST /api/user/login [32m200[0m 414.141 ms - 445[0m
[0mPOST /api/user/login [32m200[0m 341.453 ms - 672[0m
[0mPOST /api/user/login [32m200[0m 343.040 ms - 899[0m
[0mGET /api/user/logoutAll [31m500[0m 94.971 ms - 1190[0m
[0mGET /api/user/logoutAll [32m200[0m 117.339 ms - 57[0m
[0mGET /api/user/logoutAll [32m200[0m 3.902 ms - 57[0m
[0mGET /api/user/logoutAll [33m401[0m 2.944 ms - 31[0m
[0mPOST /api/user/login [32m200[0m 383.014 ms - 1126[0m
[0mPOST /api/user/login [32m200[0m 341.900 ms - 1353[0m
[0mGET /api/user/logoutAll [32m200[0m 11.909 ms - 57[0m
[0mGET /api/user/logoutAll [32m200[0m 11.855 ms - 57[0m
[0mGET /api/user/logoutAll [32m200[0m 10.113 ms - 57[0m
[0mGET /api/user/logoutAll [32m200[0m 369.611 ms - 57[0m
[0mPOST /api/user/login [32m200[0m 406.585 ms - 445[0m
[0mGET /api/user/logoutAll [32m200[0m 325.553 ms - 57[0m
[0mPOST /api/user/register [33m400[0m 5.529 ms - 45[0m
[0mPOST /api/user/register [31m500[0m 414.659 ms - 1190[0m
[0mPOST /api/user/register [33m400[0m 4.273 ms - 45[0m
[0mPOST /api/user/register [31m500[0m 420.182 ms - 123[0m
[0mPOST /api/user/register [31m500[0m 1082.836 ms - 123[0m
[0mPOST /api/user/register [31m500[0m 331.995 ms - 123[0m
[0mPOST /api/user/register [31m500[0m 395.626 ms - 123[0m
[0mPOST /api/user/register [32m201[0m 340.869 ms - 445[0m
[0mPOST /api/user/register [31m500[0m 348.881 ms - 122[0m
[0mPOST /api/user/register [31m500[0m 406.723 ms - 122[0m
[0mPOST /api/user/register [31m500[0m 435.501 ms - 122[0m
[0mPOST /api/user/register [31m500[0m 1190.243 ms - 122[0m
[0mPOST /api/user/register [31m500[0m 481.325 ms - 122[0m
[0mPOST /api/user/register [31m500[0m 410.394 ms - 122[0m
[0mPOST /api/user/register [31m500[0m 518.125 ms - 122[0m
[0mPOST /api/user/register [31m500[0m 409.960 ms - 122[0m
[0mPOST /api/user/register [31m500[0m 250.427 ms - 34[0m
[0mPOST /api/user/register [31m500[0m 239.344 ms - 34[0m
[0mPOST /api/user/register [31m500[0m 9.253 ms - 104[0m
[0mPOST /api/user/register [31m500[0m 411.832 ms - 122[0m
[0mPOST /api/user/register [32m201[0m 396.875 ms - 447[0m
[0mPOST /api/user/register [32m201[0m 389.338 ms - 445[0m
[0mPOST /api/user/register [32m201[0m 392.283 ms - 445[0m
[0mPOST /api/user/register [32m201[0m 379.000 ms - 445[0m
[0mPOST /api/user/register [31m500[0m 252.114 ms - 34[0m
[0mGET / [33m404[0m 7.735 ms - 48[0m
[0mGET /favicon.ico [33m404[0m 1.135 ms - 48[0m
[0mGET /api/user/password/forgetPassword [31m500[0m 8.493 ms - 463[0m
[0mGET /api/user/password/forgetPassword [31m500[0m 15.367 ms - 463[0m
[0mGET /api/user/password/forgetPassword [31m500[0m 7.712 ms - 463[0m
[0mGET /api/user/password/forgetPassword [31m500[0m 5.147 ms - 463[0m
[0mGET /api/user/password/forgetPassword [31m500[0m 7.126 ms - 463[0m
[0mGET /api/user/password/forgetPassword [32m200[0m 125.023 ms - 937[0m
[0mGET /api/user/password/forgetPassword [36m304[0m 29.256 ms - -[0m
[0mGET /api/user/password/forgetPassword [36m304[0m 4.523 ms - -[0m
[0mGET /api/user/password/forgetPassword [36m304[0m 2.329 ms - -[0m
[0mGET /api/user/password/forgetPassword [36m304[0m 2.835 ms - -[0m
[0mGET /api/user/password/forgetPassword [32m200[0m 4.080 ms - 949[0m
[0mGET /api/user/password/forgetPassword [32m200[0m 3.350 ms - 938[0m
[0mGET /api/user/password/forgetPassword [32m200[0m 3.263 ms - 938[0m
[0mGET /api/user/password/forgetPassword [36m304[0m 21.435 ms - -[0m
[0mPOST /api/user/password/forgetPassword [33m404[0m 165.903 ms - 28[0m
[0mGET /api/user/password/forgetPassword [36m304[0m 3.370 ms - -[0m
[0mPOST /api/user/password/forgetPassword [32m200[0m 190.463 ms - 335[0m
[0mGET /api/user/password/forgetPassword [32m200[0m 16.100 ms - 938[0m
[0mGET /api/user/password/forgetPassword [36m304[0m 3.742 ms - -[0m
[0mPOST /api/user/password/forgetPassword [32m200[0m 297.423 ms - 348[0m
[0mGET /api/user/password/forgetPassword [32m200[0m 13.551 ms - 938[0m
[0mPOST /api/user/password/forgetPassword [32m200[0m 177.738 ms - 335[0m
[0mGET /api/user/password/forgetPassword [32m200[0m 26.488 ms - 938[0m
[0mGET /api/user/password/forgetPassword [36m304[0m 6.010 ms - -[0m
[0mPOST /api/user/password/forgetPassword [32m200[0m 257.389 ms - 675[0m
[0mPOST /api/user/password/forgetPassword [32m200[0m 158.621 ms - 335[0m
[0mGET /favicon.ico [33m404[0m 2.018 ms - 48[0m
[0mPOST /api/user/password/forgetPassword [32m200[0m 125.785 ms - 335[0m
[0mGET /api/user/password/forgetPassword [32m200[0m 95.012 ms - 938[0m
[0mGET /api/user/password/forgetPassword [36m304[0m 4.864 ms - -[0m
[0mGET /api/user/password/forgetPassword [36m304[0m 2.699 ms - -[0m
[0mPOST /api/user/password/forgetPassword [33m404[0m 119.630 ms - 28[0m
[0mPOST /api/user/password/forgetPassword [32m200[0m 214.798 ms - 335[0m
[0mGET /api/user/password/forgetPassword [32m200[0m 26.007 ms - 938[0m
[0mPOST /api/user/password/forgetPassword [32m200[0m 152.968 ms - 491[0m
[0mGET /api/user/password/reset-Password/67e0b80e1d91b33deebc4885/eyJhbGciOiJIUzI1NiIsInR5cCI6IkpXVCJ9.eyJpZCI6IjY3ZTBiODBlMWQ5MWIzM2RlZWJjNDg4NSIsImVtYWlsIjoidHVoYTJAZ21haWwuY29tIiwicm9sZSI6InVzZXIiLCJpYXQiOjE3NDI4NDc3MzUsImV4cCI6MTc0Mjg0ODMzNX0.aoZzyu5pcoUoJG1UffgD4VD2L6tEZ2KUvwC-uOKol0E/ [31m500[0m 128.139 ms - 129[0m
[0mGET /api/user/password/forgetPassword [32m200[0m 33.602 ms - 938[0m
[0mGET /api/user/password/forgetPassword [36m304[0m 5.468 ms - -[0m
[0mPOST /api/user/password/forgetPassword [32m200[0m 258.342 ms - 491[0m
[0mGET /api/user/password/reset-Password/67e0b80e1d91b33deebc4885/eyJhbGciOiJIUzI1NiIsInR5cCI6IkpXVCJ9.eyJpZCI6IjY3ZTBiODBlMWQ5MWIzM2RlZWJjNDg4NSIsImVtYWlsIjoidHVoYTJAZ21haWwuY29tIiwicm9sZSI6InVzZXIiLCJpYXQiOjE3NDI4NDg2NjEsImV4cCI6MTc0Mjg0OTI2MX0.mP5rO3-dfz-KprMD_P96sCtEFEQ5WEO1xVO4GHmSc9g/ [32m200[0m 141.607 ms - 1156[0m
[0mPOST /api/user/password/reset-Password/67e0b80e1d91b33deebc4885/eyJhbGciOiJIUzI1NiIsInR5cCI6IkpXVCJ9.eyJpZCI6IjY3ZTBiODBlMWQ5MWIzM2RlZWJjNDg4NSIsImVtYWlsIjoidHVoYTJAZ21haWwuY29tIiwicm9sZSI6InVzZXIiLCJpYXQiOjE3NDI4NDg2NjEsImV4cCI6MTc0Mjg0OTI2MX0.mP5rO3-dfz-KprMD_P96sCtEFEQ5WEO1xVO4GHmSc9g/ [33m404[0m 2.318 ms - 48[0m
[0mGET /api/user/password/forgetPassword [32m200[0m 34.495 ms - 938[0m
[0mGET / [33m404[0m 2.933 ms - 48[0m
[0mGET /api/user/password/forgetPassword [36m304[0m 4.324 ms - -[0m
[0mPOST /api/user/password/forgetPassword [32m200[0m 194.325 ms - 491[0m
[0mGET /api/user/password/reset-Password/67e0b8141d91b33deebc4888/eyJhbGciOiJIUzI1NiIsInR5cCI6IkpXVCJ9.eyJpZCI6IjY3ZTBiODE0MWQ5MWIzM2RlZWJjNDg4OCIsImVtYWlsIjoidHVoYTNAZ21haWwuY29tIiwicm9sZSI6InVzZXIiLCJpYXQiOjE3NDI4NDkwMjcsImV4cCI6MTc0Mjg0OTYyN30.EpDKAKUsoWa950bIzSCsiQB1CrTbJwR2_Vfqbkh10HY/ [32m200[0m 206.615 ms - 1156[0m
[0mPOST /api/user/password/reset-Password/67e0b8141d91b33deebc4888/eyJhbGciOiJIUzI1NiIsInR5cCI6IkpXVCJ9.eyJpZCI6IjY3ZTBiODE0MWQ5MWIzM2RlZWJjNDg4OCIsImVtYWlsIjoidHVoYTNAZ21haWwuY29tIiwicm9sZSI6InVzZXIiLCJpYXQiOjE3NDI4NDkwMjcsImV4cCI6MTc0Mjg0OTYyN30.EpDKAKUsoWa950bIzSCsiQB1CrTbJwR2_Vfqbkh10HY/ [33m404[0m 149.169 ms - 28[0m
[0mPOST /api/user/password/reset-Password/67e0b8141d91b33deebc4888/eyJhbGciOiJIUzI1NiIsInR5cCI6IkpXVCJ9.eyJpZCI6IjY3ZTBiODE0MWQ5MWIzM2RlZWJjNDg4OCIsImVtYWlsIjoidHVoYTNAZ21haWwuY29tIiwicm9sZSI6InVzZXIiLCJpYXQiOjE3NDI4NDkwMjcsImV4cCI6MTc0Mjg0OTYyN30.EpDKAKUsoWa950bIzSCsiQB1CrTbJwR2_Vfqbkh10HY/ [33m404[0m 158.841 ms - 27[0m
[0mGET /api/user/password/forgetPassword [32m200[0m 29.278 ms - 938[0m
[0mPOST /api/user/password/forgetPassword [32m200[0m 176.360 ms - 491[0m
[0mGET /api/user/password/reset-Password/67e0b8141d91b33deebc4888/eyJhbGciOiJIUzI1NiIsInR5cCI6IkpXVCJ9.eyJpZCI6IjY3ZTBiODE0MWQ5MWIzM2RlZWJjNDg4OCIsImVtYWlsIjoidHVoYTNAZ21haWwuY29tIiwicm9sZSI6InVzZXIiLCJpYXQiOjE3NDI4NDkwOTYsImV4cCI6MTc0Mjg0OTY5Nn0.S4JVHQy83Ktqa6Uaf_X8-xwPsOINya0dO8EVSSY0gvE/ [32m200[0m 125.863 ms - 1156[0m
[0mPOST /api/user/password/reset-Password/67e0b8141d91b33deebc4888/eyJhbGciOiJIUzI1NiIsInR5cCI6IkpXVCJ9.eyJpZCI6IjY3ZTBiODE0MWQ5MWIzM2RlZWJjNDg4OCIsImVtYWlsIjoidHVoYTNAZ21haWwuY29tIiwicm9sZSI6InVzZXIiLCJpYXQiOjE3NDI4NDkwOTYsImV4cCI6MTc0Mjg0OTY5Nn0.S4JVHQy83Ktqa6Uaf_X8-xwPsOINya0dO8EVSSY0gvE/ [33m404[0m 176.446 ms - 27[0m
[0mPOST /api/user/login [32m200[0m 583.229 ms - 671[0m
[0mGET /api/user/password/forgetPassword [32m200[0m 27.423 ms - 938[0m
[0mGET /api/user/password/forgetPassword [36m304[0m 6.180 ms - -[0m
[0mPOST /api/user/password/forgetPassword [32m200[0m 165.999 ms - 491[0m
[0mGET /api/user/password/reset-Password/67e0b80e1d91b33deebc4885/eyJhbGciOiJIUzI1NiIsInR5cCI6IkpXVCJ9.eyJpZCI6IjY3ZTBiODBlMWQ5MWIzM2RlZWJjNDg4NSIsImVtYWlsIjoidHVoYTJAZ21haWwuY29tIiwicm9sZSI6InVzZXIiLCJpYXQiOjE3NDI4NDkyMDgsImV4cCI6MTc0Mjg0OTgwOH0.LyXkZVZv55_qkB-cGfFy9kLypmVcHwY5a_mmjgkueks/ [32m200[0m 297.082 ms - 1156[0m
[0mPOST /api/user/password/reset-Password/67e0b80e1d91b33deebc4885/eyJhbGciOiJIUzI1NiIsInR5cCI6IkpXVCJ9.eyJpZCI6IjY3ZTBiODBlMWQ5MWIzM2RlZWJjNDg4NSIsImVtYWlsIjoidHVoYTJAZ21haWwuY29tIiwicm9sZSI6InVzZXIiLCJpYXQiOjE3NDI4NDkyMDgsImV4cCI6MTc0Mjg0OTgwOH0.LyXkZVZv55_qkB-cGfFy9kLypmVcHwY5a_mmjgkueks/ [33m404[0m 120.638 ms - 28[0m
[0mGET /api/user/password/forgetPassword [32m200[0m 19.135 ms - 938[0m
[0mGET /api/user/password/forgetPassword [36m304[0m 5.179 ms - -[0m
[0mPOST /api/user/password/forgetPassword [32m200[0m 179.771 ms - 491[0m
[0mGET /api/user/password/reset-Password/67e0b80e1d91b33deebc4885/eyJhbGciOiJIUzI1NiIsInR5cCI6IkpXVCJ9.eyJpZCI6IjY3ZTBiODBlMWQ5MWIzM2RlZWJjNDg4NSIsImVtYWlsIjoidHVoYTJAZ21haWwuY29tIiwicm9sZSI6InVzZXIiLCJpYXQiOjE3NDI4NDk0MzEsImV4cCI6MTc0Mjg1MDAzMX0.OkBvFPhIcOKjTKXZdYhp0fJaNyZHyK5T7Hk6Cx6XPEQ/ [32m200[0m 159.506 ms - 1156[0m
[0mPOST /api/user/password/reset-Password/67e0b80e1d91b33deebc4885/eyJhbGciOiJIUzI1NiIsInR5cCI6IkpXVCJ9.eyJpZCI6IjY3ZTBiODBlMWQ5MWIzM2RlZWJjNDg4NSIsImVtYWlsIjoidHVoYTJAZ21haWwuY29tIiwicm9sZSI6InVzZXIiLCJpYXQiOjE3NDI4NDk0MzEsImV4cCI6MTc0Mjg1MDAzMX0.OkBvFPhIcOKjTKXZdYhp0fJaNyZHyK5T7Hk6Cx6XPEQ/ [32m200[0m 524.241 ms - 720[0m
[0mPOST /api/user/login [33m404[0m 229.223 ms - 43[0m
[0mPOST /api/user/login [32m200[0m 392.701 ms - 671[0m
[0mGET /api/user/password/forgetPassword [32m200[0m 15.245 ms - 938[0m
[0mGET /api/user/password/forgetPassword [36m304[0m 4.024 ms - -[0m
[0mPOST /api/user/password/forgetPassword [32m200[0m 172.540 ms - 491[0m
[0mGET /api/user/password/reset-Password/67e0b80e1d91b33deebc4885/eyJhbGciOiJIUzI1NiIsInR5cCI6IkpXVCJ9.eyJpZCI6IjY3ZTBiODBlMWQ5MWIzM2RlZWJjNDg4NSIsImVtYWlsIjoidHVoYTJAZ21haWwuY29tIiwicm9sZSI6InVzZXIiLCJpYXQiOjE3NDI4NDk2ODQsImV4cCI6MTc0Mjg1MDI4NH0.8nYfT0oAKIkUNLvgwJYg8P0K7qtIbSfem0GLCMky0O8/ [32m200[0m 231.343 ms - 1156[0m
[0mPOST /api/user/password/reset-Password/67e0b80e1d91b33deebc4885/eyJhbGciOiJIUzI1NiIsInR5cCI6IkpXVCJ9.eyJpZCI6IjY3ZTBiODBlMWQ5MWIzM2RlZWJjNDg4NSIsImVtYWlsIjoidHVoYTJAZ21haWwuY29tIiwicm9sZSI6InVzZXIiLCJpYXQiOjE3NDI4NDk2ODQsImV4cCI6MTc0Mjg1MDI4NH0.8nYfT0oAKIkUNLvgwJYg8P0K7qtIbSfem0GLCMky0O8/ [33m404[0m 310.173 ms - 27[0m
[0mGET /api/user/password/forgetPassword [32m200[0m 2.005 ms - 938[0m
[0mGET /api/user/password/forgetPassword [36m304[0m 1.782 ms - -[0m
[0mPOST /api/user/password/forgetPassword [32m200[0m 137.945 ms - 491[0m
[0mGET /api/user/password/reset-Password/67e0b80e1d91b33deebc4885/eyJhbGciOiJIUzI1NiIsInR5cCI6IkpXVCJ9.eyJpZCI6IjY3ZTBiODBlMWQ5MWIzM2RlZWJjNDg4NSIsImVtYWlsIjoidHVoYTJAZ21haWwuY29tIiwicm9sZSI6InVzZXIiLCJpYXQiOjE3NDI4NDk4MDcsImV4cCI6MTc0Mjg1MDQwN30.PnqzplGteHLTrXaTq-PmyVqcJGpYSY7f4xDK2rWWpNU/ [32m200[0m 177.090 ms - 1156[0m
[0mPOST /api/user/password/reset-Password/67e0b80e1d91b33deebc4885/eyJhbGciOiJIUzI1NiIsInR5cCI6IkpXVCJ9.eyJpZCI6IjY3ZTBiODBlMWQ5MWIzM2RlZWJjNDg4NSIsImVtYWlsIjoidHVoYTJAZ21haWwuY29tIiwicm9sZSI6InVzZXIiLCJpYXQiOjE3NDI4NDk4MDcsImV4cCI6MTc0Mjg1MDQwN30.PnqzplGteHLTrXaTq-PmyVqcJGpYSY7f4xDK2rWWpNU/ [33m404[0m 280.855 ms - 27[0m
[0mGET /api/user/password/forgetPassword [32m200[0m 23.766 ms - 938[0m
[0mGET /api/user/password/forgetPassword [36m304[0m 2.126 ms - -[0m
[0mPOST /api/user/password/forgetPassword [32m200[0m 191.233 ms - 491[0m
[0mGET /api/user/password/reset-Password/67e0b80e1d91b33deebc4885/eyJhbGciOiJIUzI1NiIsInR5cCI6IkpXVCJ9.eyJpZCI6IjY3ZTBiODBlMWQ5MWIzM2RlZWJjNDg4NSIsImVtYWlsIjoidHVoYTJAZ21haWwuY29tIiwicm9sZSI6InVzZXIiLCJpYXQiOjE3NDI4NDk4NTQsImV4cCI6MTc0Mjg1MDQ1NH0.LdQI5CwXXx17o1lImHEjkjqc8B4I82019qwusSyq_7M/ [32m200[0m 242.107 ms - 1156[0m
[0mPOST /api/user/password/reset-Password/67e0b80e1d91b33deebc4885/eyJhbGciOiJIUzI1NiIsInR5cCI6IkpXVCJ9.eyJpZCI6IjY3ZTBiODBlMWQ5MWIzM2RlZWJjNDg4NSIsImVtYWlsIjoidHVoYTJAZ21haWwuY29tIiwicm9sZSI6InVzZXIiLCJpYXQiOjE3NDI4NDk4NTQsImV4cCI6MTc0Mjg1MDQ1NH0.LdQI5CwXXx17o1lImHEjkjqc8B4I82019qwusSyq_7M/ [32m200[0m 395.728 ms - 720[0m
[0mGET /api/user/password/forgetPassword [32m200[0m 18.765 ms - 938[0m
[0mGET /api/user/password/forgetPassword [36m304[0m 2.453 ms - -[0m
[0mPOST /api/user/password/forgetPassword [32m200[0m 150.460 ms - 491[0m
[0mGET /api/user/password/reset-Password/67e0b80e1d91b33deebc4885/eyJhbGciOiJIUzI1NiIsInR5cCI6IkpXVCJ9.eyJpZCI6IjY3ZTBiODBlMWQ5MWIzM2RlZWJjNDg4NSIsImVtYWlsIjoidHVoYTJAZ21haWwuY29tIiwicm9sZSI6InVzZXIiLCJpYXQiOjE3NDI4NTAwMTQsImV4cCI6MTc0Mjg1MDYxNH0.dMX0FYc7xXuHMPsMFkkpFVITAfIaDCDsLXVfoLlVrOo/ [32m200[0m 134.644 ms - 1156[0m
[0mPOST /api/user/password/reset-Password/67e0b80e1d91b33deebc4885/eyJhbGciOiJIUzI1NiIsInR5cCI6IkpXVCJ9.eyJpZCI6IjY3ZTBiODBlMWQ5MWIzM2RlZWJjNDg4NSIsImVtYWlsIjoidHVoYTJAZ21haWwuY29tIiwicm9sZSI6InVzZXIiLCJpYXQiOjE3NDI4NTAwMTQsImV4cCI6MTc0Mjg1MDYxNH0.dMX0FYc7xXuHMPsMFkkpFVITAfIaDCDsLXVfoLlVrOo/ [33m400[0m 3.110 ms - 38[0m
[0mGET /api/user/password/forgetPassword [32m200[0m 17.921 ms - 938[0m
[0mGET /api/user/password/forgetPassword [36m304[0m 3.785 ms - -[0m
[0mPOST /api/user/password/forgetPassword [32m200[0m 166.173 ms - 491[0m
[0mGET /api/user/password/reset-Password/67e0b80e1d91b33deebc4885/eyJhbGciOiJIUzI1NiIsInR5cCI6IkpXVCJ9.eyJpZCI6IjY3ZTBiODBlMWQ5MWIzM2RlZWJjNDg4NSIsImVtYWlsIjoidHVoYTJAZ21haWwuY29tIiwicm9sZSI6InVzZXIiLCJpYXQiOjE3NDI4NTAzMjIsImV4cCI6MTc0Mjg1MDkyMn0.KHdY6J9xWrovL0AghSrjrP6moUrKhwDfw-DOy8pG0Rs/ [32m200[0m 184.114 ms - 1156[0m
[0mPOST /api/user/password/reset-Password/67e0b80e1d91b33deebc4885/eyJhbGciOiJIUzI1NiIsInR5cCI6IkpXVCJ9.eyJpZCI6IjY3ZTBiODBlMWQ5MWIzM2RlZWJjNDg4NSIsImVtYWlsIjoidHVoYTJAZ21haWwuY29tIiwicm9sZSI6InVzZXIiLCJpYXQiOjE3NDI4NTAzMjIsImV4cCI6MTc0Mjg1MDkyMn0.KHdY6J9xWrovL0AghSrjrP6moUrKhwDfw-DOy8pG0Rs/ [33m400[0m 4.589 ms - 38[0m
[0mPOST /api/user/password/reset-Password/67e0b80e1d91b33deebc4885/eyJhbGciOiJIUzI1NiIsInR5cCI6IkpXVCJ9.eyJpZCI6IjY3ZTBiODBlMWQ5MWIzM2RlZWJjNDg4NSIsImVtYWlsIjoidHVoYTJAZ21haWwuY29tIiwicm9sZSI6InVzZXIiLCJpYXQiOjE3NDI4NTAzMjIsImV4cCI6MTc0Mjg1MDkyMn0.KHdY6J9xWrovL0AghSrjrP6moUrKhwDfw-DOy8pG0Rs/ [33m404[0m 146.646 ms - 125[0m
[0mPOST /api/user/password/reset-Password/67e0b80e1d91b33deebc4885/eyJhbGciOiJIUzI1NiIsInR5cCI6IkpXVCJ9.eyJpZCI6IjY3ZTBiODBlMWQ5MWIzM2RlZWJjNDg4NSIsImVtYWlsIjoidHVoYTJAZ21haWwuY29tIiwicm9sZSI6InVzZXIiLCJpYXQiOjE3NDI4NTAzMjIsImV4cCI6MTc0Mjg1MDkyMn0.KHdY6J9xWrovL0AghSrjrP6moUrKhwDfw-DOy8pG0Rs/ [32m200[0m 485.718 ms - 720[0m
[0mGET /api/user/password/forgetPassword [32m200[0m 45.756 ms - 938[0m
[0mGET /api/user/password/forgetPassword [36m304[0m 1.050 ms - -[0m
[0mGET /api/user/password/forgetPassword [36m304[0m 52.255 ms - -[0m
[0mGET /api/user/password/forgetPassword [36m304[0m 2.920 ms - -[0m
[0mGET /api/user/password/forgetPassword [36m304[0m 0.793 ms - -[0m
[0mPOST /api/user/register [31m500[0m 196.947 ms - 34[0m
[0mPOST /api/user/register [31m500[0m 179.883 ms - 34[0m
[0mPOST /api/user/register [31m500[0m 186.013 ms - 34[0m
[0mPOST /api/user/register [31m500[0m 187.983 ms - 34[0m
[0mPOST /api/user/register [32m201[0m 349.546 ms - 230[0m
[0mGET /api/user/password/forgetPassword [36m304[0m 6.148 ms - -[0m
[0mPOST /api/user/password/forgetPassword [0m-[0m - ms - -[0m
[0mGET /api/user/password/forgetPassword [36m304[0m 1.111 ms - -[0m
[0mPOST /api/user/password/forgetPassword [32m200[0m 1531.576 ms - 745[0m
[0mGET /api/user/password/forgetPassword [32m200[0m 1.407 ms - 938[0m
[0mPOST /api/user/password/forgetPassword [32m200[0m 1421.950 ms - 745[0m
[0mPOST /api/user/password/forgetPassword [0m-[0m - ms - -[0m
[0mPOST /api/user/password/forgetPassword [32m200[0m 1735.868 ms - 745[0m
[0mPOST /api/user/password/forgetPassword [0m-[0m - ms - -[0m
[0mGET /api/user/password/forgetPassword [32m200[0m 2.830 ms - 938[0m
[0mGET /api/user/password/forgetPassword [36m304[0m 1.648 ms - -[0m
[0mGET /api/user/password/forgetPassword [36m304[0m 1.346 ms - -[0m
[0mGET /api/user/password/forgetPassword [36m304[0m 1.396 ms - -[0m
[0mPOST /api/user/password/forgetPassword [32m200[0m 1459.171 ms - 745[0m
[0mGET /api/user/password/forgetPassword [32m200[0m 0.848 ms - 938[0m
[0mPOST /api/user/password/forgetPassword [32m200[0m 3006.757 ms - 745[0m
[0mGET /api/user/password/forgetPassword [32m200[0m 6.909 ms - 938[0m
[0mPOST /api/user/password/forgetPassword [32m200[0m 1677.171 ms - 745[0m
[0mGET /api/user/password/reset-Password/67e1e89a878041d05dea0c34/eyJhbGciOiJIUzI1NiIsInR5cCI6IkpXVCJ9.eyJpZCI6IjY3ZTFlODlhODc4MDQxZDA1ZGVhMGMzNCIsImVtYWlsIjoia2FyZWVtZmF0aGlpMzY1QGdtYWlsLmNvbSIsInJvbGUiOiJ1c2VyIiwiaWF0IjoxNzQyODU4NDEyLCJleHAiOjE3NDI4NTkwMTJ9.Gw9P-xvYZ-1mmvBBQ3U7YYKlA1U96zChL8gelRSKRPY/ [33m404[0m 260.224 ms - 27[0m
[0mGET /api/user/password/reset-Password/67e1e89a878041d05dea0c34/eyJhbGciOiJIUzI1NiIsInR5cCI6IkpXVCJ9.eyJpZCI6IjY3ZTFlODlhODc4MDQxZDA1ZGVhMGMzNCIsImVtYWlsIjoia2FyZWVtZmF0aGlpMzY1QGdtYWlsLmNvbSIsInJvbGUiOiJ1c2VyIiwiaWF0IjoxNzQyODU5NDM5LCJleHAiOjE3NDI4NjAwMzl9.4zmBh3L86wKjBppBqDl51E_5XtkvhnnZXuiTPJ1-Rx0/ [32m200[0m 119.600 ms - 1166[0m
[0mPOST /api/user/password/reset-Password/67e1e89a878041d05dea0c34/eyJhbGciOiJIUzI1NiIsInR5cCI6IkpXVCJ9.eyJpZCI6IjY3ZTFlODlhODc4MDQxZDA1ZGVhMGMzNCIsImVtYWlsIjoia2FyZWVtZmF0aGlpMzY1QGdtYWlsLmNvbSIsInJvbGUiOiJ1c2VyIiwiaWF0IjoxNzQyODU5NDM5LCJleHAiOjE3NDI4NjAwMzl9.4zmBh3L86wKjBppBqDl51E_5XtkvhnnZXuiTPJ1-Rx0/ [33m404[0m 128.881 ms - 125[0m
[0mPOST /api/user/password/reset-Password/67e1e89a878041d05dea0c34/eyJhbGciOiJIUzI1NiIsInR5cCI6IkpXVCJ9.eyJpZCI6IjY3ZTFlODlhODc4MDQxZDA1ZGVhMGMzNCIsImVtYWlsIjoia2FyZWVtZmF0aGlpMzY1QGdtYWlsLmNvbSIsInJvbGUiOiJ1c2VyIiwiaWF0IjoxNzQyODU5NDM5LCJleHAiOjE3NDI4NjAwMzl9.4zmBh3L86wKjBppBqDl51E_5XtkvhnnZXuiTPJ1-Rx0/ [32m200[0m 466.558 ms - 720[0m
[0mPOST /api/user/login [33m404[0m 179.198 ms - 43[0m
[0mPOST /api/user/login [33m404[0m 189.831 ms - 43[0m
[0mPOST /api/user/login [33m404[0m 202.831 ms - 43[0m
[0mGET /api/user/password/forgetPassword [32m200[0m 195.424 ms - 938[0m
[0mGET /favicon.ico [33m404[0m 2.477 ms - 48[0m
[0mPOST /api/user/password/forgetPassword [32m200[0m 2099.628 ms - 745[0m
[0mGET /api/user/password/reset-Password/67e1e89a878041d05dea0c34/eyJhbGciOiJIUzI1NiIsInR5cCI6IkpXVCJ9.eyJpZCI6IjY3ZTFlODlhODc4MDQxZDA1ZGVhMGMzNCIsImVtYWlsIjoia2FyZWVtZmF0aGlpMzY1QGdtYWlsLmNvbSIsInJvbGUiOiJ1c2VyIiwiaWF0IjoxNzQzNzIwODE1LCJleHAiOjE3NDM3MjE0MTV9.i8vbGtFkuT4f6Zu855xCybEqLOquG51ThzeSXxXveK0/ [32m200[0m 130.355 ms - 1166[0m
[0mPOST /api/user/password/reset-Password/67e1e89a878041d05dea0c34/eyJhbGciOiJIUzI1NiIsInR5cCI6IkpXVCJ9.eyJpZCI6IjY3ZTFlODlhODc4MDQxZDA1ZGVhMGMzNCIsImVtYWlsIjoia2FyZWVtZmF0aGlpMzY1QGdtYWlsLmNvbSIsInJvbGUiOiJ1c2VyIiwiaWF0IjoxNzQzNzIwODE1LCJleHAiOjE3NDM3MjE0MTV9.i8vbGtFkuT4f6Zu855xCybEqLOquG51ThzeSXxXveK0/ [33m404[0m 120.136 ms - 125[0m
[0mPOST /api/user/changePassword [33m404[0m 2.990 ms - 48[0m
[0mPOST /api/user/login [33m404[0m 461.731 ms - 43[0m
[0mGET /api/user/password/forgetPassword [32m200[0m 32.891 ms - 938[0m
[0mPOST /api/user/password/forgetPassword [32m200[0m 2545.161 ms - 745[0m
[0mGET /api/user/password/reset-Password/67e1e89a878041d05dea0c34/eyJhbGciOiJIUzI1NiIsInR5cCI6IkpXVCJ9.eyJpZCI6IjY3ZTFlODlhODc4MDQxZDA1ZGVhMGMzNCIsImVtYWlsIjoia2FyZWVtZmF0aGlpMzY1QGdtYWlsLmNvbSIsInJvbGUiOiJ1c2VyIiwiaWF0IjoxNzQzNzIzMTE4LCJleHAiOjE3NDM3MjM3MTh9.fMoS6KOf7EqFcWB-a8_j-cUzRQff9Nrvi5x9BCispaQ/ [32m200[0m 129.491 ms - 1166[0m
[0mPOST /api/user/password/reset-Password/67e1e89a878041d05dea0c34/eyJhbGciOiJIUzI1NiIsInR5cCI6IkpXVCJ9.eyJpZCI6IjY3ZTFlODlhODc4MDQxZDA1ZGVhMGMzNCIsImVtYWlsIjoia2FyZWVtZmF0aGlpMzY1QGdtYWlsLmNvbSIsInJvbGUiOiJ1c2VyIiwiaWF0IjoxNzQzNzIzMTE4LCJleHAiOjE3NDM3MjM3MTh9.fMoS6KOf7EqFcWB-a8_j-cUzRQff9Nrvi5x9BCispaQ/ [32m200[0m 686.230 ms - 720[0m
[0mPOST /api/user/login [32m200[0m 513.383 ms - 455[0m
[0mPOST /api/user/changePassword [33m404[0m 0.657 ms - 48[0m
[0mPOST /api/user/changePassword [33m401[0m 3.819 ms - 31[0m
[0mPOST /api/user/changePassword [32m200[0m 645.077 ms - 230[0m
[0mPOST /api/user/login [33m404[0m 305.678 ms - 43[0m
[0mPOST /api/user/login [32m200[0m 519.292 ms - 455[0m
[0mPOST /api/user/login [32m200[0m 670.343 ms - 681[0m
[0mPOST /api/user/changePassword [33m403[0m 9.882 ms - 75[0m
[0mPOST /api/user/register [32m201[0m 630.648 ms - 222[0m
[0mPOST /api/user/register [33m400[0m 7.598 ms - 37[0m
[0mPOST /api/user/register [33m400[0m 2.099 ms - 37[0m
[0mPOST /api/user/register [33m400[0m 6.879 ms - 37[0m
[0mPOST /api/user/register [33m400[0m 1.777 ms - 37[0m
[0mPOST /api/user/register [33m400[0m 1.118 ms - 37[0m
[0mPOST /api/user/register [33m400[0m 6.201 ms - 37[0m
[0mPOST /api/user/register [33m400[0m 6.769 ms - 37[0m
[0mPOST /api/user/register [32m201[0m 702.046 ms - 223[0m
[0mPOST /api/user/login [32m200[0m 626.159 ms - 449[0m
[0mPOST /api/user/changePassword [32m200[0m 811.986 ms - 223[0m
[0mPOST /api/category/addCategory [33m401[0m 10.070 ms - 31[0m
[0mPOST /api/category/addCategory [31m500[0m 11.448 ms - 41[0m
[0mPOST /api/category/addCategory [31m500[0m 4.337 ms - 41[0m
[0mPOST /api/category/addCategory [31m500[0m 5.826 ms - 41[0m
[0mPOST /api/category/addCategory [31m500[0m 4.118 ms - 41[0m
[0mPOST /api/category/addCategory [31m500[0m 7.405 ms - 41[0m
[0mPOST /api/category/addCategory [31m500[0m 16.628 ms - 41[0m
[0mPOST /api/category/addCategory [33m401[0m 16.459 ms - 53[0m
[0mPOST /api/user/login [33m404[0m 600.342 ms - 43[0m
[0mPOST /api/user/register [33m404[0m 169.210 ms - 33[0m
[0mPOST /api/user/register [32m201[0m 743.559 ms - 221[0m
[0mPOST /api/user/login [32m200[0m 650.703 ms - 447[0m
[0mPOST /api/category/addCategory [31m500[0m 20.954 ms - 65[0m
[0mPOST /api/category/addCategory [31m500[0m 40.844 ms - 65[0m
[0mPOST /api/category/addCategory [31m500[0m 300.718 ms - 43[0m
[0mPOST /api/category/addCategory [31m500[0m 308.040 ms - 119[0m
[0mPOST /api/category/addCategory [32m201[0m 279.428 ms - 300[0m
[0mPOST /api/category/getAllCategory [33m404[0m 9.197 ms - 48[0m
[0mGET /api/category/getAllCategory [32m200[0m 468.579 ms - 680[0m
[0mPOST /api/category/getSingleCategory/clothes [33m404[0m 1.788 ms - 48[0m
[0mPOST /api/category/getSingleCategory/:clothes [33m404[0m 0.692 ms - 48[0m
[0mGET /api/category/getSingleCategory/clothes [33m401[0m 5.750 ms - 53[0m
[0mPOST /api/user/login [32m200[0m 695.573 ms - 674[0m
[0mGET /api/category/getSingleCategory/clothes [32m200[0m 394.196 ms - 349[0m
[0mDELETE /api/category/getSingleCategory/lolo [33m404[0m 0.612 ms - 48[0m
[0mDELETE /api/category/deleteCategory/lolo [33m404[0m 202.371 ms - 32[0m
[0mDELETE /api/category/deleteCategory/Accessories [32m200[0m 186.019 ms - 307[0m
[0mGET /api/category/getAllCategory [32m200[0m 420.614 ms - 351[0m
[0mGET /api/product/addProduct [33m404[0m 8.210 ms - 48[0m
[0mPOST /api/product/addProduct [33m401[0m 11.219 ms - 53[0m
[0mPOST /api/user/login [32m200[0m 738.949 ms - 901[0m
[0mPOST /api/product/addProduct [31m500[0m 228.922 ms - 79[0m
[0mPOST /api/product/addProduct [32m201[0m 223.641 ms - 278[0m
[0mPOST /api/product/getAllProduct [33m404[0m 1.455 ms - 48[0m
[0mGET /api/product/getAllProduct [33m404[0m 0.533 ms - 48[0m
[0mGET /api/product/getAllProduct [33m404[0m 0.486 ms - 48[0m
[0mGET /api/product/getAllProducts [32m200[0m 365.385 ms - 305[0m
[0mPOST /api/product/addProduct [33m401[0m 4.087 ms - 53[0m
[0mPOST /api/user/login [32m200[0m 433.514 ms - 1128[0m
[0mPOST /api/product/addProduct [31m500[0m 4.913 ms - 30[0m
[0mPOST /api/product/addProduct [31m500[0m 3.258 ms - 143[0m
[0mPOST /api/product/addProduct [32m201[0m 168.574 ms - 278[0m
[0mPOST /api/product/addProduct [33m400[0m 2.769 ms - 2[0m
[0mPOST /api/product/addProduct [33m400[0m 6.895 ms - 2[0m
[0mPOST /api/product/addProduct [33m400[0m 7.565 ms - 42[0m
[0mPOST /api/product/addProduct [33m400[0m 6.863 ms - 42[0m
[0mPOST /api/product/addProduct [33m400[0m 6.690 ms - 42[0m
[0mPOST /api/product/addProduct [32m201[0m 163.236 ms - 283[0m
[0mGET /api/category/getSingleCategory/67fd19b5ecf7591c5f5a74cb [32m200[0m 398.464 ms - 349[0m
[0mGET /api/category/getSingleCategory/clothes [31m500[0m 16.858 ms - 112[0m
[0mGET /api/category/getSingleCategory/67fd19b5ecf7591c5f5a74cb [32m200[0m 319.999 ms - 349[0m
[0mDELETE /api/category/deleteCategory/67fd19b5ecf7591c5f5a74cb [32m200[0m 329.812 ms - 349[0m
[0mPOST /api/category/addCategory [32m201[0m 172.098 ms - 300[0m
[0mGET /api/category/getSingleCategory/67fd19b5ecf7591c5f5a74cb [33m404[0m 159.292 ms - 32[0m
[0mGET /api/category/getSingleCategory/67fd19b5ecf7591c5f5a74cb [33m404[0m 159.029 ms - 32[0m
[0mGET /api/category/getSingleCategory/67fe8d2130a50ff3f370af60 [32m200[0m 356.626 ms - 349[0m
[0mGET /api/product/getSingleProduct/67fe8156788079691509457c [33m401[0m 7.006 ms - 31[0m
[0mPOST /api/user/login [32m200[0m 746.343 ms - 1355[0m
[0mGET /api/product/getSingleProduct/67fe8156788079691509457c [33m401[0m 2.020 ms - 31[0m
[0mGET /api/product/getSingleProduct/67fe8156788079691509457c [32m200[0m 385.402 ms - 256[0m
[0mPATCH /api/product/updateOneProduct/67fe8156788079691509457c [32m200[0m 221.323 ms - 120[0m
[0mDELETE /api/product/deleteOneProduct/67fe87ece3524a513dbf89ea [33m404[0m 1.105 ms - 48[0m
[0mDELETE /api/product/deleteProduct/67fe87ece3524a513dbf89ea [33m401[0m 0.919 ms - 31[0m
[0mDELETE /api/product/deleteProduct/67fe87ece3524a513dbf89ea [31m500[0m 217.411 ms - 43[0m
[0mDELETE /api/product/deleteProduct/67fe87ece3524a513dbf89ea [31m500[0m 212.316 ms - 41[0m
[0mDELETE /api/product/deleteProduct/67fe87ece3524a513dbf89ea [31m500[0m 216.637 ms - 43[0m
[0mDELETE /api/product/deleteProduct/67fe87ece3524a513dbf89ea [33m404[0m 568.388 ms - 57[0m
[0mPOST /api/order/createOrder [33m403[0m 1.799 ms - 75[0m
[0mPOST /api/order/createOrder [33m403[0m 1.498 ms - 75[0m
[0mGET /api/user/logoutAll [32m200[0m 379.695 ms - 57[0m
[0mPOST /api/user/login [32m200[0m 402.534 ms - 671[0m
[0mPOST /api/order/createOrder [33m404[0m 156.575 ms - 46[0m
[0mPOST /api/order/createOrder [32m201[0m 629.284 ms - 200[0m
[0mPOST /api/order/createOrder [32m200[0m 3119.990 ms - 56[0m
[0mGET /api/order/getAllOrders [33m401[0m 2.682 ms - 31[0m
[0mGET /api/order/getAllOrders [32m200[0m 332.887 ms - 571[0m
[0mGET /api/order/getSingleOrder/67ff05682d952211ea84330c [33m401[0m 0.925 ms - 31[0m
[0mGET /api/order/getSingleOrder/67ff05682d952211ea84330c [32m200[0m 322.403 ms - 298[0m
[0mGET /api/order/updateOrder/67ff05682d952211ea84330c [33m404[0m 0.371 ms - 48[0m
[0mPATCH /api/order/updateOrder/67ff05682d952211ea84330c [33m403[0m 1.296 ms - 75[0m
[0mGET /api/user/logoutAll [32m200[0m 335.882 ms - 57[0m
[0mPOST /api/user/login [32m200[0m 412.692 ms - 447[0m
[0mPATCH /api/order/updateOrder/67ff05682d952211ea84330c [31m500[0m 171.546 ms - 33[0m
[0mPATCH /api/order/updateOrder/67ff05682d952211ea84330c [31m500[0m 160.152 ms - 33[0m
[0mPATCH /api/order/updateOrder/67ff05682d952211ea84330c [31m500[0m 149.729 ms - 219[0m
[0mPATCH /api/order/updateOrder/67ff05682d952211ea84330c [32m200[0m 437.459 ms - 120[0m
[0mPATCH /api/order/updateOrder/67ff05682d952211ea84330c [31m500[0m 498.491 ms - 62[0m
[0mPATCH /api/order/updateOrder/67ff05682d952211ea84330c [31m500[0m 1845.263 ms - 62[0m
[0mPATCH /api/order/updateOrder/67ff05682d952211ea84330c [31m500[0m 488.741 ms - 62[0m
[0mPATCH /api/order/updateOrder/67ff05682d952211ea84330c [31m500[0m 498.999 ms - 37[0m
[0mPATCH /api/order/updateOrder/67ff05682d952211ea84330c [32m200[0m 1872.234 ms - 96[0m
[0mPATCH /api/order/updateOrder/67ff05682d952211ea84330c [32m200[0m 2671.312 ms - 96[0m
[0mPATCH /api/order/updateOrder/67ff05682d952211ea84330c [32m200[0m 1719.485 ms - 96[0m
[0mPATCH /api/order/deleteOrder/67ff05682d952211ea84330c [33m404[0m 0.801 ms - 48[0m
[0mDELETE /api/order/deleteOrder/67ff05682d952211ea84330c [31m500[0m 472.550 ms - 62[0m
[0mDELETE /api/order/deleteOrder/67ff05682d952211ea84330c [33m404[0m 165.686 ms - 29[0m
[0mPOST /api/product/addProduct [32m201[0m 188.594 ms - 284[0m
[0mPOST /api/order/createOrder [33m403[0m 2.929 ms - 75[0m
[0mGET /api/user/logoutAll [32m200[0m 327.059 ms - 57[0m
[0mPOST /api/user/login [32m200[0m 401.135 ms - 445[0m
[0mPOST /api/order/createOrder [32m200[0m 2648.530 ms - 95[0m
[0mGET /api/user/logoutAll [32m200[0m 316.136 ms - 57[0m
[0mPOST /api/user/login [32m200[0m 385.206 ms - 447[0m
[0mDELETE /api/order/deleteOrder/67ff0299fd661195f328493f [31m500[0m 472.009 ms - 37[0m
[0mDELETE /api/order/deleteOrder/67ff0299fd661195f328493f [33m404[0m 386.484 ms - 29[0m
[0mDELETE /api/order/deleteOrder/67ff0de3ac1c03b9e2f5eafc [32m200[0m 2493.841 ms - 98[0m
[0mPOST /api/product/addProduct [32m201[0m 182.613 ms - 284[0m
[0mPOST /api/product/addProduct [32m201[0m 165.002 ms - 284[0m
[0mPOST /api/product/addProduct [32m201[0m 167.580 ms - 284[0m
[0mPOST /api/order/createOrder [33m401[0m 3.322 ms - 53[0m
[0mPOST /api/user/login [32m200[0m 298.572 ms - 675[0m
[0mPOST /api/order/createOrder [33m403[0m 1.101 ms - 75[0m
[0mGET /api/user/logoutAll [32m200[0m 204.581 ms - 57[0m
[0mPOST /api/order/createOrder [33m403[0m 2.195 ms - 75[0m
[0mPOST /api/order/createOrder [33m403[0m 0.927 ms - 75[0m
[0mPOST /api/user/login [32m200[0m 268.569 ms - 448[0m
[0mGET /api/user/logoutAll [32m200[0m 207.462 ms - 57[0m
[0mPOST /api/order/createOrder [33m403[0m 1.290 ms - 75[0m
[0mPOST /api/user/login [32m200[0m 347.154 ms - 448[0m
[0mGET /api/user/logoutAll [32m200[0m 227.629 ms - 57[0m
[0mGET /api/user/logoutAll [32m200[0m 224.717 ms - 57[0m
[0mPOST /api/user/login [32m200[0m 296.225 ms - 897[0m
[0mPOST /api/order/createOrder [33m404[0m 102.308 ms - 46[0m
[0mPOST /api/order/createOrder [31m500[0m 108.948 ms - 33[0m
[0mPOST /api/order/createOrder [33m404[0m 107.340 ms - 46[0m
[0mPOST /api/order/createOrder [33m404[0m 108.228 ms - 47[0m
[0mPOST /api/order/createOrder [33m404[0m 100.970 ms - 47[0m
[0mPOST /api/order/createOrder [33m404[0m 105.311 ms - 47[0m
[0mPOST /api/order/createOrder [33m404[0m 100.097 ms - 47[0m
[0mPOST /api/order/createOrder [33m404[0m 101.420 ms - 47[0m
[0mPOST /api/order/createOrder [33m404[0m 117.070 ms - 47[0m
[0mPOST /api/order/createOrder [33m404[0m 99.843 ms - 47[0m
[0mPOST /api/order/createOrder [33m404[0m 100.892 ms - 47[0m
[0mPOST /api/order/createOrder [33m404[0m 136.304 ms - 47[0m
[0mPOST /api/order/createOrder [33m404[0m 132.842 ms - 48[0m
[0mPOST /api/order/createOrder [31m500[0m 117.345 ms - 33[0m
[0mPOST /api/order/createOrder [33m404[0m 109.030 ms - 41[0m
[0mPOST /api/order/createOrder [31m500[0m 218.667 ms - 81[0m
[0mPOST /api/order/createOrder [33m404[0m 107.706 ms - 41[0m
[0mPOST /api/order/createOrder [32m200[0m 2047.809 ms - 95[0m
[0mPATCH /api/order/updateOrder/6802982edc92949ecdf5a35c [33m401[0m 3.450 ms - 53[0m
[0mPOST /api/user/login [32m200[0m 315.289 ms - 1123[0m
[0mPATCH /api/order/updateOrder/6802982edc92949ecdf5a35c [33m403[0m 1.711 ms - 75[0m
[0mPOST /api/user/login [32m200[0m 279.053 ms - 448[0m
[0mPATCH /api/order/updateOrder/6802982edc92949ecdf5a35c [31m500[0m 327.857 ms - 37[0m
[0mPATCH /api/order/updateOrder/6802982edc92949ecdf5a35c [32m200[0m 1586.127 ms - 96[0m
[0mPATCH /api/order/updateOrder/6802982edc92949ecdf5a35c [32m200[0m 1535.820 ms - 96[0m
[0mPATCH /api/order/updateOrder/6802982edc92949ecdf5a35c [32m200[0m 1576.219 ms - 96[0m
[0mPATCH /api/order/updateOrder/6802982edc92949ecdf5a35c [32m200[0m 1560.491 ms - 96[0m
[0mPATCH /api/order/updateOrder/6802982edc92949ecdf5a35c [32m200[0m 1512.994 ms - 96[0m
[0mPATCH /api/order/updateOrder/6802982edc92949ecdf5a35c [32m200[0m 1499.075 ms - 96[0m
